[2024-06-15 14:18:01,565: INFO: main: welcome to log]
[2024-06-17 08:13:38,889: INFO: config: PyTorch version 2.3.1 available.]
[2024-06-17 08:13:43,891: INFO: main: >>>>>> stage Data Ingestion stage started <<<<<<]
[2024-06-17 08:13:43,897: INFO: common: yaml file: config\config.yaml loaded successfully]
[2024-06-17 08:13:43,899: INFO: common: yaml file: params.yaml loaded successfully]
[2024-06-17 08:13:43,901: INFO: common: created directory at: artifacts]
[2024-06-17 08:13:43,902: INFO: common: created directory at: artifacts/data_ingestion]
[2024-06-17 08:13:48,121: INFO: data_ingestion: artifacts/data_ingestion/data.zip download! with following info: 
Connection: close
Content-Length: 7903594
Cache-Control: max-age=300
Content-Security-Policy: default-src 'none'; style-src 'unsafe-inline'; sandbox
Content-Type: application/zip
ETag: "dbc016a060da18070593b83afff580c9b300f0b6ea4147a7988433e04df246ca"
Strict-Transport-Security: max-age=31536000
X-Content-Type-Options: nosniff
X-Frame-Options: deny
X-XSS-Protection: 1; mode=block
X-GitHub-Request-Id: FA92:12A377:20F5A8:2D503F:666FA2E2
Accept-Ranges: bytes
Date: Mon, 17 Jun 2024 02:43:47 GMT
Via: 1.1 varnish
X-Served-By: cache-maa10239-MAA
X-Cache: MISS
X-Cache-Hits: 0
X-Timer: S1718592227.209918,VS0,VE752
Vary: Authorization,Accept-Encoding,Origin
Access-Control-Allow-Origin: *
Cross-Origin-Resource-Policy: cross-origin
X-Fastly-Request-ID: 8e72a77fb7ecfb50ad0f40f47dbee56fdcb0d54b
Expires: Mon, 17 Jun 2024 02:48:47 GMT
Source-Age: 0

]
[2024-06-17 08:13:48,399: INFO: main: >>>>>> stage Data Ingestion stage completed <<<<<<

x==========x]
[2024-06-17 08:13:48,399: INFO: main: >>>>>> stage Data Validation stage started <<<<<<]
[2024-06-17 08:13:48,404: INFO: common: yaml file: config\config.yaml loaded successfully]
[2024-06-17 08:13:48,406: INFO: common: yaml file: params.yaml loaded successfully]
[2024-06-17 08:13:48,408: INFO: common: created directory at: artifacts]
[2024-06-17 08:13:48,408: INFO: common: created directory at: artifacts/data_validation]
[2024-06-17 08:13:48,410: INFO: main: >>>>>> stage Data Validation stage completed <<<<<<

x==========x]
[2024-06-17 08:13:48,410: INFO: main: >>>>>> stage Data Transformation stage started <<<<<<]
[2024-06-17 08:13:48,414: INFO: common: yaml file: config\config.yaml loaded successfully]
[2024-06-17 08:13:48,416: INFO: common: yaml file: params.yaml loaded successfully]
[2024-06-17 08:13:48,417: INFO: common: created directory at: artifacts]
[2024-06-17 08:13:48,418: INFO: common: created directory at: artifacts/data_transformation]
[2024-06-17 08:13:56,018: INFO: main: >>>>>> stage Data Transformation stage completed <<<<<<

x==========x]
[2024-06-17 08:13:56,018: INFO: main: *******************]
[2024-06-17 08:13:56,019: INFO: main: >>>>>> stage Model Trainer stage started <<<<<<]
[2024-06-17 08:13:56,024: INFO: common: yaml file: config\config.yaml loaded successfully]
[2024-06-17 08:13:56,027: INFO: common: yaml file: params.yaml loaded successfully]
[2024-06-17 08:13:56,028: INFO: common: created directory at: artifacts]
[2024-06-17 08:13:56,028: INFO: common: created directory at: artifacts/model_trainer]
[2024-06-17 08:24:15,136: ERROR: main: Using the `Trainer` with `PyTorch` requires `accelerate>=0.21.0`: Please run `pip install transformers[torch]` or `pip install accelerate -U`]
Traceback (most recent call last):
  File "main.py", line 52, in <module>
    model_trainer.main()
  File "f:\experience_project\nlp\text_summarizer\src\textSummarizer\pipeline\stage_04_model_trainer.py", line 14, in main
    model_trainer_config.train()
  File "f:\experience_project\nlp\text_summarizer\src\textSummarizer\conponents\model_trainer.py", line 34, in train
    trainer_args = TrainingArguments(
  File "<string>", line 128, in __init__
  File "C:\Users\DELL\anaconda3\envs\summary\lib\site-packages\transformers\training_args.py", line 1641, in __post_init__
    and (self.device.type == "cpu" and not is_torch_greater_or_equal_than_2_3)
  File "C:\Users\DELL\anaconda3\envs\summary\lib\site-packages\transformers\training_args.py", line 2149, in device
    return self._setup_devices
  File "C:\Users\DELL\anaconda3\envs\summary\lib\site-packages\transformers\utils\generic.py", line 59, in __get__
    cached = self.fget(obj)
  File "C:\Users\DELL\anaconda3\envs\summary\lib\site-packages\transformers\training_args.py", line 2055, in _setup_devices
    raise ImportError(
ImportError: Using the `Trainer` with `PyTorch` requires `accelerate>=0.21.0`: Please run `pip install transformers[torch]` or `pip install accelerate -U`
[2024-06-17 09:44:39,268: INFO: config: PyTorch version 2.3.1 available.]
[2024-06-17 09:44:42,028: INFO: main: >>>>>> stage Data Ingestion stage started <<<<<<]
[2024-06-17 09:44:42,033: INFO: common: yaml file: config\config.yaml loaded successfully]
[2024-06-17 09:44:42,036: INFO: common: yaml file: params.yaml loaded successfully]
[2024-06-17 09:44:42,036: INFO: common: created directory at: artifacts]
[2024-06-17 09:44:42,037: INFO: common: created directory at: artifacts/data_ingestion]
[2024-06-17 09:44:42,037: INFO: data_ingestion: File already exists of size: ~ 7718 KB]
[2024-06-17 09:44:42,661: INFO: main: >>>>>> stage Data Ingestion stage completed <<<<<<

x==========x]
[2024-06-17 09:44:42,661: INFO: main: >>>>>> stage Data Validation stage started <<<<<<]
[2024-06-17 09:44:42,666: INFO: common: yaml file: config\config.yaml loaded successfully]
[2024-06-17 09:44:42,668: INFO: common: yaml file: params.yaml loaded successfully]
[2024-06-17 09:44:42,668: INFO: common: created directory at: artifacts]
[2024-06-17 09:44:42,669: INFO: common: created directory at: artifacts/data_validation]
[2024-06-17 09:44:42,671: INFO: main: >>>>>> stage Data Validation stage completed <<<<<<

x==========x]
[2024-06-17 09:44:42,671: INFO: main: >>>>>> stage Data Transformation stage started <<<<<<]
[2024-06-17 09:44:42,676: INFO: common: yaml file: config\config.yaml loaded successfully]
[2024-06-17 09:44:42,678: INFO: common: yaml file: params.yaml loaded successfully]
[2024-06-17 09:44:42,679: INFO: common: created directory at: artifacts]
[2024-06-17 09:44:42,679: INFO: common: created directory at: artifacts/data_transformation]
[2024-06-17 09:44:45,111: INFO: main: >>>>>> stage Data Transformation stage completed <<<<<<

x==========x]
[2024-06-17 09:44:45,112: INFO: main: *******************]
[2024-06-17 09:44:45,113: INFO: main: >>>>>> stage Model Trainer stage started <<<<<<]
[2024-06-17 09:44:45,120: INFO: common: yaml file: config\config.yaml loaded successfully]
[2024-06-17 09:44:45,123: INFO: common: yaml file: params.yaml loaded successfully]
[2024-06-17 09:44:45,123: INFO: common: created directory at: artifacts]
[2024-06-17 09:44:45,124: INFO: common: created directory at: artifacts/model_trainer]
